example/build/app/outputs/mapping/release/mapping.txt
# compiler: R8
# compiler_version: 1.5.64
# min_api: 16
# pg_map_id: 5fb9525
...
com.google.i18n.phonenumbers.MetadataLoader -> c.d.a.a.d:
    java.io.InputStream loadMetadata(java.lang.String) -> a
com.google.i18n.phonenumbers.MetadataManager -> c.d.a.a.e:
    com.google.i18n.phonenumbers.MetadataLoader DEFAULT_METADATA_LOADER -> a
    java.util.logging.Logger logger -> b
    com.google.i18n.phonenumbers.Phonemetadata$PhoneMetadata getMetadataFromMultiFilePrefix(java.lang.Object,java.util.concurrent.ConcurrentHashMap,java.lang.String,com.google.i18n.phonenumbers.MetadataLoader) -> a
    java.util.List getMetadataFromSingleFileName(java.lang.String,com.google.i18n.phonenumbers.MetadataLoader) -> a
    com.google.i18n.phonenumbers.Phonemetadata$PhoneMetadataCollection loadMetadataAndCloseInput(java.io.InputStream) -> a
com.google.i18n.phonenumbers.MetadataManager$1 -> c.d.a.a.e$a:
    java.io.InputStream loadMetadata(java.lang.String) -> a
com.google.i18n.phonenumbers.MetadataSource -> c.d.a.a.f:
    com.google.i18n.phonenumbers.Phonemetadata$PhoneMetadata getMetadataForNonGeographicalRegion(int) -> a
    com.google.i18n.phonenumbers.Phonemetadata$PhoneMetadata getMetadataForRegion(java.lang.String) -> a
com.google.i18n.phonenumbers.MultiFileMetadataSourceImpl -> c.d.a.a.g:
    java.util.concurrent.ConcurrentHashMap nonGeographicalRegions -> d
    java.util.concurrent.ConcurrentHashMap geographicalRegions -> c
    com.google.i18n.phonenumbers.MetadataLoader metadataLoader -> b
    java.lang.String phoneNumberMetadataFilePrefix -> a
    com.google.i18n.phonenumbers.Phonemetadata$PhoneMetadata getMetadataForNonGeographicalRegion(int) -> a
    com.google.i18n.phonenumbers.Phonemetadata$PhoneMetadata getMetadataForRegion(java.lang.String) -> a
    boolean isNonGeographical(int) -> b
com.google.i18n.phonenumbers.NumberParseException -> c.d.a.a.h:
    com.google.i18n.phonenumbers.NumberParseException$ErrorType errorType -> a
    java.lang.String message -> b
    com.google.i18n.phonenumbers.NumberParseException$ErrorType getErrorType() -> a
com.google.i18n.phonenumbers.NumberParseException$ErrorType -> c.d.a.a.h$a:
    com.google.i18n.phonenumbers.NumberParseException$ErrorType TOO_SHORT_NSN -> d
    com.google.i18n.phonenumbers.NumberParseException$ErrorType TOO_LONG -> e
    com.google.i18n.phonenumbers.NumberParseException$ErrorType[] $VALUES -> f
    com.google.i18n.phonenumbers.NumberParseException$ErrorType NOT_A_NUMBER -> b
    com.google.i18n.phonenumbers.NumberParseException$ErrorType TOO_SHORT_AFTER_IDD -> c
    com.google.i18n.phonenumbers.NumberParseException$ErrorType INVALID_COUNTRY_CODE -> a